<?xml version="1.0" encoding="UTF-8"?>
<testsuite xmlns:xsi="http://www.w3.org/2001/XMLSchema-instance" xsi:noNamespaceSchemaLocation="https://maven.apache.org/surefire/maven-surefire-plugin/xsd/surefire-test-report.xsd" version="3.0.2" name="com.perfulandia_spa.cl.perfulandia_spa.controller.UsuarioControllerTest" time="5.972" tests="4" errors="0" skipped="0" failures="0">
  <properties>
[...]
</properties>
  <testcase name="testBuscarUsuarioPorId" classname="com.perfulandia_spa.cl.perfulandia_spa.controller.UsuarioControllerTest" time="0.68">
    <system-out><![CDATA[18:51:59.598 [main] INFO org.springframework.test.context.support.AnnotationConfigContextLoaderUtils -- Could not detect default configuration classes for test class [com.perfulandia_spa.cl.perfulandia_spa.controller.UsuarioControllerTest]: UsuarioControllerTest does not declare any static, non-private, non-final, nested classes annotated with @Configuration.
18:52:00.040 [main] INFO org.springframework.boot.test.context.SpringBootTestContextBootstrapper -- Found @SpringBootConfiguration com.perfulandia_spa.cl.perfulandia_spa.PerfulandiaSpaApplication for test class com.perfulandia_spa.cl.perfulandia_spa.controller.UsuarioControllerTest

  .   ____          _            __ _ _
 /\\ / ___'_ __ _ _(_)_ __  __ _ \ \ \ \
( ( )\___ | '_ | '_| | '_ \/ _` | \ \ \ \
 \\/  ___)| |_)| | | | | || (_| |  ) ) ) )
  '  |____| .__|_| |_|_| |_\__, | / / / /
 =========|_|==============|___/=/_/_/_/

 :: Spring Boot ::                (v3.5.0)

2025-06-24T18:52:00.984-04:00  INFO 14420 --- [perfulandia-spa] [           main] c.p.c.p.c.UsuarioControllerTest          : Starting UsuarioControllerTest using Java 21.0.7 with PID 14420 (started by Maxte in C:\Users\Maxte\OneDrive\Desktop\pruebasUnitarias\Perfulandia)
2025-06-24T18:52:00.985-04:00  INFO 14420 --- [perfulandia-spa] [           main] c.p.c.p.c.UsuarioControllerTest          : No active profile set, falling back to 1 default profile: "default"
2025-06-24T18:52:04.380-04:00  INFO 14420 --- [perfulandia-spa] [           main] o.s.b.t.m.w.SpringBootMockServletContext : Initializing Spring TestDispatcherServlet ''
2025-06-24T18:52:04.382-04:00  INFO 14420 --- [perfulandia-spa] [           main] o.s.t.web.servlet.TestDispatcherServlet  : Initializing Servlet ''
2025-06-24T18:52:04.390-04:00  INFO 14420 --- [perfulandia-spa] [           main] o.s.t.web.servlet.TestDispatcherServlet  : Completed initialization in 2 ms
2025-06-24T18:52:04.500-04:00  INFO 14420 --- [perfulandia-spa] [           main] c.p.c.p.c.UsuarioControllerTest          : Started UsuarioControllerTest in 4.242 seconds (process running for 6.655)
]]></system-out>
    <system-err><![CDATA[Mockito is currently self-attaching to enable the inline-mock-maker. This will no longer work in future releases of the JDK. Please add Mockito as an agent to your build as described in Mockito's documentation: https://javadoc.io/doc/org.mockito/mockito-core/latest/org.mockito/org/mockito/Mockito.html#0.3
WARNING: A Java agent has been loaded dynamically (C:\Users\Maxte\.m2\repository\net\bytebuddy\byte-buddy-agent\1.17.5\byte-buddy-agent-1.17.5.jar)
WARNING: If a serviceability tool is in use, please run with -XX:+EnableDynamicAgentLoading to hide this warning
WARNING: If a serviceability tool is not in use, please run with -Djdk.instrument.traceUsage for more information
WARNING: Dynamic loading of agents will be disallowed by default in a future release
]]></system-err>
  </testcase>
  <testcase name="testCrearUsuario" classname="com.perfulandia_spa.cl.perfulandia_spa.controller.UsuarioControllerTest" time="0.07"/>
  <testcase name="testActualizarUsuario" classname="com.perfulandia_spa.cl.perfulandia_spa.controller.UsuarioControllerTest" time="0.01"/>
  <testcase name="testListarUsuarios" classname="com.perfulandia_spa.cl.perfulandia_spa.controller.UsuarioControllerTest" time="0.02"/>
</testsuite>